<?xml version="1.0" encoding="UTF-8"?>
<!-- Generated by org.testng.reporters.JUnitReportReporter -->
<testsuite hostname="QSP-020" name="com.littleapp.scripts.Test1" tests="2" failures="0" timestamp="4 Apr 2018 10:46:37 GMT" time="0.009" errors="0">
  <testcase name="test2" time="0.001" classname="com.littleapp.scripts.Test1"/>
  <testcase name="test1" time="0.008" classname="com.littleapp.scripts.Test1"/>
</testsuite> <!-- com.littleapp.scripts.Test1 -->
